mode: atomic
auth/test_cloud_auth.go:14.13,22.16 3 0
auth/test_cloud_auth.go:22.16,24.3 1 0
auth/test_cloud_auth.go:25.2,33.16 6 0
auth/test_cloud_auth.go:33.16,35.3 1 0
auth/test_cloud_auth.go:37.2,37.62 1 0
auth/cmd/client/main.go:20.13,22.16 2 0
auth/cmd/client/main.go:22.16,24.3 1 0
auth/cmd/client/main.go:25.2,33.16 6 0
auth/cmd/client/main.go:33.16,35.3 1 0
auth/cmd/client/main.go:37.2,37.93 1 0
auth/cmd/server/main.go:12.13,14.2 1 0
auth/cmd/server/main.go:16.13,21.16 4 0
auth/cmd/server/main.go:21.16,23.3 1 0
auth/cmd/server/main.go:25.2,26.16 2 0
auth/cmd/server/main.go:26.16,28.3 1 0
auth/internal/api/user/create.go:10.109,12.16 2 0
auth/internal/api/user/create.go:12.16,14.3 1 0
auth/internal/api/user/create.go:16.2,20.8 2 0
auth/internal/api/user/delete.go:11.103,13.16 2 0
auth/internal/api/user/delete.go:13.16,15.3 1 0
auth/internal/api/user/delete.go:17.2,19.30 2 0
auth/internal/api/user/errors.go:11.32,12.16 1 0
auth/internal/api/user/errors.go:12.16,14.3 1 0
auth/internal/api/user/errors.go:16.2,16.9 1 0
auth/internal/api/user/errors.go:17.46,18.56 1 0
auth/internal/api/user/errors.go:19.48,20.79 1 0
auth/internal/api/user/errors.go:21.50,22.63 1 0
auth/internal/api/user/errors.go:23.50,24.63 1 0
auth/internal/api/user/errors.go:25.50,26.63 1 0
auth/internal/api/user/errors.go:27.10,28.51 1 0
auth/internal/api/user/get.go:10.100,12.16 2 0
auth/internal/api/user/get.go:12.16,14.3 1 0
auth/internal/api/user/get.go:16.2,20.8 2 0
auth/internal/api/user/service.go:13.73,17.2 1 0
auth/internal/api/user/update.go:12.103,14.16 2 0
auth/internal/api/user/update.go:14.16,16.3 1 0
auth/internal/api/user/update.go:18.2,20.30 2 0
auth/internal/converter/user.go:10.77,20.2 1 0
auth/internal/converter/user.go:22.74,24.36 2 0
auth/internal/converter/user.go:24.36,27.3 2 0
auth/internal/converter/user.go:28.2,28.37 1 0
auth/internal/converter/user.go:28.37,31.3 2 0
auth/internal/converter/user.go:33.2,36.3 1 0
auth/internal/converter/user.go:39.53,41.26 2 0
auth/internal/converter/user.go:41.26,43.3 1 0
auth/internal/converter/user.go:45.2,52.3 1 0
auth/internal/model/user.go:28.46,29.37 1 0
auth/internal/model/user.go:29.37,31.3 1 0
auth/internal/model/user.go:32.2,32.25 1 0
auth/internal/model/user.go:32.25,34.3 1 0
auth/internal/model/user.go:35.2,35.12 1 0
auth/internal/model/user.go:56.31,57.11 1 0
auth/internal/model/user.go:58.16,59.16 1 0
auth/internal/model/user.go:60.17,61.17 1 0
auth/internal/model/user.go:62.10,63.23 1 0
auth/internal/config/config.go:7.30,9.16 2 0
auth/internal/config/config.go:9.16,11.3 1 0
auth/internal/config/config.go:13.2,13.12 1 0
auth/internal/config/grpc.go:25.42,27.20 2 0
auth/internal/config/grpc.go:27.20,29.3 1 0
auth/internal/config/grpc.go:31.2,32.20 2 0
auth/internal/config/grpc.go:32.20,34.21 2 0
auth/internal/config/grpc.go:34.21,36.4 1 0
auth/internal/config/grpc.go:39.2,42.8 1 0
auth/internal/config/grpc.go:45.41,47.2 1 0
auth/internal/config/pg.go:20.38,22.19 2 0
auth/internal/config/pg.go:22.19,24.3 1 0
auth/internal/config/pg.go:26.2,28.8 1 0
auth/internal/config/pg.go:31.35,33.2 1 0
auth/internal/repository/user/model/user.go:35.31,36.11 1 0
auth/internal/repository/user/model/user.go:37.16,38.16 1 0
auth/internal/repository/user/model/user.go:39.17,40.17 1 0
auth/internal/repository/user/model/user.go:41.10,42.23 1 0
auth/internal/repository/user/converter/user.go:8.55,15.2 1 0
auth/internal/repository/user/converter/user.go:17.65,23.2 1 0
auth/internal/service/user/create.go:15.93,18.43 2 0
auth/internal/service/user/create.go:18.43,20.3 1 0
auth/internal/service/user/create.go:22.2,23.16 2 0
auth/internal/service/user/create.go:23.16,26.3 2 0
auth/internal/service/user/create.go:28.2,33.71 2 0
auth/internal/service/user/create.go:33.71,36.19 3 0
auth/internal/service/user/create.go:36.19,38.4 1 0
auth/internal/service/user/create.go:40.3,41.19 2 0
auth/internal/service/user/create.go:41.19,43.4 1 0
auth/internal/service/user/create.go:45.3,49.19 2 0
auth/internal/service/user/create.go:49.19,51.4 1 0
auth/internal/service/user/create.go:53.3,53.13 1 0
auth/internal/service/user/create.go:56.2,56.16 1 0
auth/internal/service/user/create.go:56.16,58.3 1 0
auth/internal/service/user/create.go:60.2,60.16 1 0
auth/internal/service/user/delete.go:9.60,10.72 1 0
auth/internal/service/user/delete.go:10.72,12.19 2 0
auth/internal/service/user/delete.go:12.19,14.4 1 0
auth/internal/service/user/delete.go:16.3,20.19 2 0
auth/internal/service/user/delete.go:20.19,22.4 1 0
auth/internal/service/user/delete.go:24.3,24.13 1 0
auth/internal/service/user/delete.go:27.2,27.16 1 0
auth/internal/service/user/delete.go:27.16,29.3 1 0
auth/internal/service/user/delete.go:31.2,31.12 1 0
auth/internal/service/user/get.go:8.72,10.16 2 0
auth/internal/service/user/get.go:10.16,12.3 1 0
auth/internal/service/user/get.go:14.2,14.18 1 0
auth/internal/service/user/service.go:20.23,26.2 1 0
auth/internal/service/user/update.go:10.94,11.72 1 0
auth/internal/service/user/update.go:11.72,13.19 2 0
auth/internal/service/user/update.go:13.19,15.4 1 0
auth/internal/service/user/update.go:17.3,21.19 2 0
auth/internal/service/user/update.go:21.19,23.4 1 0
auth/internal/service/user/update.go:25.3,25.13 1 0
auth/internal/service/user/update.go:28.2,28.16 1 0
auth/internal/service/user/update.go:28.16,30.3 1 0
auth/internal/service/user/update.go:32.2,32.12 1 0
auth/internal/repository/user/repository.go:33.60,35.2 1 0
auth/internal/repository/user/repository.go:37.93,45.16 3 0
auth/internal/repository/user/repository.go:45.16,48.3 2 0
auth/internal/repository/user/repository.go:50.2,52.16 3 0
auth/internal/repository/user/repository.go:52.16,55.3 2 0
auth/internal/repository/user/repository.go:57.2,57.20 1 0
auth/internal/repository/user/repository.go:60.72,68.16 3 0
auth/internal/repository/user/repository.go:68.16,70.3 1 0
auth/internal/repository/user/repository.go:72.2,79.16 4 0
auth/internal/repository/user/repository.go:79.16,81.3 1 0
auth/internal/repository/user/repository.go:83.2,83.49 1 0
auth/internal/repository/user/repository.go:86.94,92.28 2 0
auth/internal/repository/user/repository.go:92.28,94.3 1 0
auth/internal/repository/user/repository.go:96.2,96.29 1 0
auth/internal/repository/user/repository.go:96.29,98.3 1 0
auth/internal/repository/user/repository.go:100.2,101.16 2 0
auth/internal/repository/user/repository.go:101.16,104.3 2 0
auth/internal/repository/user/repository.go:106.2,107.16 2 0
auth/internal/repository/user/repository.go:107.16,110.3 2 0
auth/internal/repository/user/repository.go:112.2,112.29 1 0
auth/internal/repository/user/repository.go:112.29,114.3 1 0
auth/internal/repository/user/repository.go:116.2,116.12 1 0
auth/internal/repository/user/repository.go:119.60,125.16 3 0
auth/internal/repository/user/repository.go:125.16,128.3 2 0
auth/internal/repository/user/repository.go:130.2,131.16 2 0
auth/internal/repository/user/repository.go:131.16,134.3 2 0
auth/internal/repository/user/repository.go:136.2,136.29 1 0
auth/internal/repository/user/repository.go:136.29,138.3 1 0
auth/internal/repository/user/repository.go:140.2,140.12 1 0
auth/internal/app/app.go:22.67,26.16 3 0
auth/internal/app/app.go:26.16,28.3 1 0
auth/internal/app/app.go:30.2,30.15 1 0
auth/internal/app/app.go:33.27,34.15 1 0
auth/internal/app/app.go:34.15,37.3 2 0
auth/internal/app/app.go:39.2,39.26 1 0
auth/internal/app/app.go:42.70,44.35 1 0
auth/internal/app/app.go:44.35,46.4 1 0
auth/internal/app/app.go:51.2,51.26 1 0
auth/internal/app/app.go:51.26,53.17 2 0
auth/internal/app/app.go:53.17,55.4 1 0
auth/internal/app/app.go:58.2,58.12 1 0
auth/internal/app/app.go:61.70,63.16 2 0
auth/internal/app/app.go:63.16,65.3 1 0
auth/internal/app/app.go:67.2,67.12 1 0
auth/internal/app/app.go:70.60,73.2 2 0
auth/internal/app/app.go:75.57,83.2 4 0
auth/internal/app/app.go:85.37,89.16 3 0
auth/internal/app/app.go:89.16,91.3 1 0
auth/internal/app/app.go:93.2,94.16 2 0
auth/internal/app/app.go:94.16,96.3 1 0
auth/internal/app/app.go:98.2,98.12 1 0
auth/internal/app/service_provider.go:34.44,36.2 1 0
auth/internal/app/service_provider.go:38.54,39.23 1 0
auth/internal/app/service_provider.go:39.23,41.17 2 0
auth/internal/app/service_provider.go:41.17,43.4 1 0
auth/internal/app/service_provider.go:45.3,45.19 1 0
auth/internal/app/service_provider.go:48.2,48.19 1 0
auth/internal/app/service_provider.go:51.58,52.25 1 0
auth/internal/app/service_provider.go:52.25,54.17 2 0
auth/internal/app/service_provider.go:54.17,56.4 1 0
auth/internal/app/service_provider.go:58.3,58.21 1 0
auth/internal/app/service_provider.go:61.2,61.21 1 0
auth/internal/app/service_provider.go:64.67,65.23 1 0
auth/internal/app/service_provider.go:65.23,67.17 2 0
auth/internal/app/service_provider.go:67.17,69.4 1 0
auth/internal/app/service_provider.go:71.3,72.17 2 0
auth/internal/app/service_provider.go:72.17,74.4 1 0
auth/internal/app/service_provider.go:75.3,77.18 2 0
auth/internal/app/service_provider.go:80.2,80.19 1 0
auth/internal/app/service_provider.go:83.71,84.24 1 0
auth/internal/app/service_provider.go:84.24,86.3 1 0
auth/internal/app/service_provider.go:88.2,88.20 1 0
auth/internal/app/service_provider.go:91.89,92.29 1 0
auth/internal/app/service_provider.go:92.29,94.3 1 0
auth/internal/app/service_provider.go:96.2,96.25 1 0
auth/internal/app/service_provider.go:99.87,100.28 1 0
auth/internal/app/service_provider.go:100.28,102.3 1 0
auth/internal/app/service_provider.go:104.2,104.24 1 0
auth/internal/app/service_provider.go:107.80,108.26 1 0
auth/internal/app/service_provider.go:108.26,114.3 1 0
auth/internal/app/service_provider.go:116.2,116.22 1 0
auth/internal/app/service_provider.go:119.78,120.23 1 0
auth/internal/app/service_provider.go:120.23,122.3 1 0
auth/internal/app/service_provider.go:124.2,124.19 1 0
auth/internal/repository/mocks/log_repository_minimock.go:31.65,34.55 2 0
auth/internal/repository/mocks/log_repository_minimock.go:34.55,36.3 1 0
auth/internal/repository/mocks/log_repository_minimock.go:38.2,43.10 4 0
auth/internal/repository/mocks/log_repository_minimock.go:99.71,102.2 2 0
auth/internal/repository/mocks/log_repository_minimock.go:105.107,106.31 1 0
auth/internal/repository/mocks/log_repository_minimock.go:106.31,108.3 1 0
auth/internal/repository/mocks/log_repository_minimock.go:110.2,110.37 1 0
auth/internal/repository/mocks/log_repository_minimock.go:110.37,112.3 1 0
auth/internal/repository/mocks/log_repository_minimock.go:114.2,114.47 1 0
auth/internal/repository/mocks/log_repository_minimock.go:114.47,116.3 1 0
auth/internal/repository/mocks/log_repository_minimock.go:118.2,120.39 3 0
auth/internal/repository/mocks/log_repository_minimock.go:120.39,121.64 1 0
auth/internal/repository/mocks/log_repository_minimock.go:121.64,123.4 1 0
auth/internal/repository/mocks/log_repository_minimock.go:126.2,126.14 1 0
auth/internal/repository/mocks/log_repository_minimock.go:130.97,131.31 1 0
auth/internal/repository/mocks/log_repository_minimock.go:131.31,133.3 1 0
auth/internal/repository/mocks/log_repository_minimock.go:135.2,135.37 1 0
auth/internal/repository/mocks/log_repository_minimock.go:135.37,137.3 1 0
auth/internal/repository/mocks/log_repository_minimock.go:139.2,139.44 1 0
auth/internal/repository/mocks/log_repository_minimock.go:139.44,141.3 1 0
auth/internal/repository/mocks/log_repository_minimock.go:143.2,143.47 1 0
auth/internal/repository/mocks/log_repository_minimock.go:143.47,145.3 1 0
auth/internal/repository/mocks/log_repository_minimock.go:146.2,149.14 3 0
auth/internal/repository/mocks/log_repository_minimock.go:153.95,154.31 1 0
auth/internal/repository/mocks/log_repository_minimock.go:154.31,156.3 1 0
auth/internal/repository/mocks/log_repository_minimock.go:158.2,158.37 1 0
auth/internal/repository/mocks/log_repository_minimock.go:158.37,160.3 1 0
auth/internal/repository/mocks/log_repository_minimock.go:162.2,162.44 1 0
auth/internal/repository/mocks/log_repository_minimock.go:162.44,164.3 1 0
auth/internal/repository/mocks/log_repository_minimock.go:166.2,166.47 1 0
auth/internal/repository/mocks/log_repository_minimock.go:166.47,168.3 1 0
auth/internal/repository/mocks/log_repository_minimock.go:169.2,172.14 3 0
auth/internal/repository/mocks/log_repository_minimock.go:176.116,177.38 1 0
auth/internal/repository/mocks/log_repository_minimock.go:177.38,179.3 1 0
auth/internal/repository/mocks/log_repository_minimock.go:181.2,183.14 2 0
auth/internal/repository/mocks/log_repository_minimock.go:187.74,188.31 1 0
auth/internal/repository/mocks/log_repository_minimock.go:188.31,190.3 1 0
auth/internal/repository/mocks/log_repository_minimock.go:192.2,192.37 1 0
auth/internal/repository/mocks/log_repository_minimock.go:192.37,194.3 1 0
auth/internal/repository/mocks/log_repository_minimock.go:195.2,197.19 3 0
auth/internal/repository/mocks/log_repository_minimock.go:201.120,202.37 1 0
auth/internal/repository/mocks/log_repository_minimock.go:202.37,204.3 1 0
auth/internal/repository/mocks/log_repository_minimock.go:206.2,206.33 1 0
auth/internal/repository/mocks/log_repository_minimock.go:206.33,208.3 1 0
auth/internal/repository/mocks/log_repository_minimock.go:210.2,212.19 3 0
auth/internal/repository/mocks/log_repository_minimock.go:217.115,218.31 1 0
auth/internal/repository/mocks/log_repository_minimock.go:218.31,220.3 1 0
auth/internal/repository/mocks/log_repository_minimock.go:222.2,228.20 3 0
auth/internal/repository/mocks/log_repository_minimock.go:232.78,235.2 2 0
auth/internal/repository/mocks/log_repository_minimock.go:238.76,239.12 1 0
auth/internal/repository/mocks/log_repository_minimock.go:239.12,241.3 1 0
auth/internal/repository/mocks/log_repository_minimock.go:242.2,244.14 3 0
auth/internal/repository/mocks/log_repository_minimock.go:247.60,248.98 1 0
auth/internal/repository/mocks/log_repository_minimock.go:248.98,250.3 1 0
auth/internal/repository/mocks/log_repository_minimock.go:252.2,255.102 3 0
auth/internal/repository/mocks/log_repository_minimock.go:259.89,265.33 4 0
auth/internal/repository/mocks/log_repository_minimock.go:265.33,267.3 1 0
auth/internal/repository/mocks/log_repository_minimock.go:269.2,276.47 5 0
auth/internal/repository/mocks/log_repository_minimock.go:276.47,277.43 1 0
auth/internal/repository/mocks/log_repository_minimock.go:277.43,280.4 2 0
auth/internal/repository/mocks/log_repository_minimock.go:283.2,283.45 1 0
auth/internal/repository/mocks/log_repository_minimock.go:283.45,290.26 5 0
auth/internal/repository/mocks/log_repository_minimock.go:290.26,292.81 1 0
auth/internal/repository/mocks/log_repository_minimock.go:292.81,295.5 1 0
auth/internal/repository/mocks/log_repository_minimock.go:297.4,297.81 1 0
auth/internal/repository/mocks/log_repository_minimock.go:297.81,300.5 1 0
auth/internal/repository/mocks/log_repository_minimock.go:302.9,302.65 1 0
auth/internal/repository/mocks/log_repository_minimock.go:302.65,305.4 1 0
auth/internal/repository/mocks/log_repository_minimock.go:307.3,308.24 2 0
auth/internal/repository/mocks/log_repository_minimock.go:308.24,310.4 1 0
auth/internal/repository/mocks/log_repository_minimock.go:311.3,311.27 1 0
auth/internal/repository/mocks/log_repository_minimock.go:313.2,313.26 1 0
auth/internal/repository/mocks/log_repository_minimock.go:313.26,315.3 1 0
auth/internal/repository/mocks/log_repository_minimock.go:316.2,317.8 2 0
auth/internal/repository/mocks/log_repository_minimock.go:321.58,323.2 1 0
auth/internal/repository/mocks/log_repository_minimock.go:326.59,328.2 1 0
auth/internal/repository/mocks/log_repository_minimock.go:332.75,341.2 5 0
auth/internal/repository/mocks/log_repository_minimock.go:345.52,346.24 1 0
auth/internal/repository/mocks/log_repository_minimock.go:346.24,349.3 1 0
auth/internal/repository/mocks/log_repository_minimock.go:351.2,351.43 1 0
auth/internal/repository/mocks/log_repository_minimock.go:351.43,352.43 1 0
auth/internal/repository/mocks/log_repository_minimock.go:352.43,354.4 1 0
auth/internal/repository/mocks/log_repository_minimock.go:357.2,357.36 1 0
auth/internal/repository/mocks/log_repository_minimock.go:361.50,362.43 1 0
auth/internal/repository/mocks/log_repository_minimock.go:362.43,363.43 1 0
auth/internal/repository/mocks/log_repository_minimock.go:363.43,365.4 1 0
auth/internal/repository/mocks/log_repository_minimock.go:368.2,370.64 2 0
auth/internal/repository/mocks/log_repository_minimock.go:370.64,371.49 1 0
auth/internal/repository/mocks/log_repository_minimock.go:371.49,373.4 1 0
auth/internal/repository/mocks/log_repository_minimock.go:373.9,375.4 1 0
auth/internal/repository/mocks/log_repository_minimock.go:378.2,378.45 1 0
auth/internal/repository/mocks/log_repository_minimock.go:378.45,380.3 1 0
auth/internal/repository/mocks/log_repository_minimock.go:382.2,382.57 1 0
auth/internal/repository/mocks/log_repository_minimock.go:382.57,385.3 1 0
auth/internal/repository/mocks/log_repository_minimock.go:389.46,390.25 1 0
auth/internal/repository/mocks/log_repository_minimock.go:390.25,391.24 1 0
auth/internal/repository/mocks/log_repository_minimock.go:391.24,393.4 1 0
auth/internal/repository/mocks/log_repository_minimock.go:398.68,400.6 2 0
auth/internal/repository/mocks/log_repository_minimock.go:400.6,401.23 1 0
auth/internal/repository/mocks/log_repository_minimock.go:401.23,403.4 1 0
auth/internal/repository/mocks/log_repository_minimock.go:404.3,404.10 1 0
auth/internal/repository/mocks/log_repository_minimock.go:405.20,407.10 2 0
auth/internal/repository/mocks/log_repository_minimock.go:408.50,408.50 0 0
auth/internal/repository/mocks/log_repository_minimock.go:413.49,417.2 2 0
auth/internal/repository/mocks/user_repository_minimock.go:52.67,55.55 2 0
auth/internal/repository/mocks/user_repository_minimock.go:55.55,57.3 1 0
auth/internal/repository/mocks/user_repository_minimock.go:59.2,73.10 10 0
auth/internal/repository/mocks/user_repository_minimock.go:130.82,133.2 2 0
auth/internal/repository/mocks/user_repository_minimock.go:136.133,137.37 1 0
auth/internal/repository/mocks/user_repository_minimock.go:137.37,139.3 1 0
auth/internal/repository/mocks/user_repository_minimock.go:141.2,141.40 1 0
auth/internal/repository/mocks/user_repository_minimock.go:141.40,143.3 1 0
auth/internal/repository/mocks/user_repository_minimock.go:145.2,145.50 1 0
auth/internal/repository/mocks/user_repository_minimock.go:145.50,147.3 1 0
auth/internal/repository/mocks/user_repository_minimock.go:149.2,151.42 3 0
auth/internal/repository/mocks/user_repository_minimock.go:151.42,152.67 1 0
auth/internal/repository/mocks/user_repository_minimock.go:152.67,154.4 1 0
auth/internal/repository/mocks/user_repository_minimock.go:157.2,157.17 1 0
auth/internal/repository/mocks/user_repository_minimock.go:161.108,162.37 1 0
auth/internal/repository/mocks/user_repository_minimock.go:162.37,164.3 1 0
auth/internal/repository/mocks/user_repository_minimock.go:166.2,166.40 1 0
auth/internal/repository/mocks/user_repository_minimock.go:166.40,168.3 1 0
auth/internal/repository/mocks/user_repository_minimock.go:170.2,170.47 1 0
auth/internal/repository/mocks/user_repository_minimock.go:170.47,172.3 1 0
auth/internal/repository/mocks/user_repository_minimock.go:174.2,174.50 1 0
auth/internal/repository/mocks/user_repository_minimock.go:174.50,176.3 1 0
auth/internal/repository/mocks/user_repository_minimock.go:177.2,180.17 3 0
auth/internal/repository/mocks/user_repository_minimock.go:184.128,185.37 1 0
auth/internal/repository/mocks/user_repository_minimock.go:185.37,187.3 1 0
auth/internal/repository/mocks/user_repository_minimock.go:189.2,189.40 1 0
auth/internal/repository/mocks/user_repository_minimock.go:189.40,191.3 1 0
auth/internal/repository/mocks/user_repository_minimock.go:193.2,193.47 1 0
auth/internal/repository/mocks/user_repository_minimock.go:193.47,195.3 1 0
auth/internal/repository/mocks/user_repository_minimock.go:197.2,197.50 1 0
auth/internal/repository/mocks/user_repository_minimock.go:197.50,199.3 1 0
auth/internal/repository/mocks/user_repository_minimock.go:200.2,203.17 3 0
auth/internal/repository/mocks/user_repository_minimock.go:207.142,208.44 1 0
auth/internal/repository/mocks/user_repository_minimock.go:208.44,210.3 1 0
auth/internal/repository/mocks/user_repository_minimock.go:212.2,214.17 2 0
auth/internal/repository/mocks/user_repository_minimock.go:218.92,219.37 1 0
auth/internal/repository/mocks/user_repository_minimock.go:219.37,221.3 1 0
auth/internal/repository/mocks/user_repository_minimock.go:223.2,223.40 1 0
auth/internal/repository/mocks/user_repository_minimock.go:223.40,225.3 1 0
auth/internal/repository/mocks/user_repository_minimock.go:226.2,228.22 3 0
auth/internal/repository/mocks/user_repository_minimock.go:232.153,233.40 1 0
auth/internal/repository/mocks/user_repository_minimock.go:233.40,235.3 1 0
auth/internal/repository/mocks/user_repository_minimock.go:237.2,237.36 1 0
auth/internal/repository/mocks/user_repository_minimock.go:237.36,239.3 1 0
auth/internal/repository/mocks/user_repository_minimock.go:241.2,243.22 3 0
auth/internal/repository/mocks/user_repository_minimock.go:248.141,249.37 1 0
auth/internal/repository/mocks/user_repository_minimock.go:249.37,251.3 1 0
auth/internal/repository/mocks/user_repository_minimock.go:253.2,259.20 3 0
auth/internal/repository/mocks/user_repository_minimock.go:263.93,266.2 2 0
auth/internal/repository/mocks/user_repository_minimock.go:269.87,270.12 1 0
auth/internal/repository/mocks/user_repository_minimock.go:270.12,272.3 1 0
auth/internal/repository/mocks/user_repository_minimock.go:273.2,275.17 3 0
auth/internal/repository/mocks/user_repository_minimock.go:278.67,279.110 1 0
auth/internal/repository/mocks/user_repository_minimock.go:279.110,281.3 1 0
auth/internal/repository/mocks/user_repository_minimock.go:283.2,286.102 3 0
auth/internal/repository/mocks/user_repository_minimock.go:290.121,296.39 4 0
auth/internal/repository/mocks/user_repository_minimock.go:296.39,298.3 1 0
auth/internal/repository/mocks/user_repository_minimock.go:300.2,307.53 5 0
auth/internal/repository/mocks/user_repository_minimock.go:307.53,308.43 1 0
auth/internal/repository/mocks/user_repository_minimock.go:308.43,311.4 2 0
auth/internal/repository/mocks/user_repository_minimock.go:314.2,314.51 1 0
auth/internal/repository/mocks/user_repository_minimock.go:314.51,321.26 5 0
auth/internal/repository/mocks/user_repository_minimock.go:321.26,323.81 1 0
auth/internal/repository/mocks/user_repository_minimock.go:323.81,326.5 1 0
auth/internal/repository/mocks/user_repository_minimock.go:328.4,328.102 1 0
auth/internal/repository/mocks/user_repository_minimock.go:328.102,331.5 1 0
auth/internal/repository/mocks/user_repository_minimock.go:333.9,333.65 1 0
auth/internal/repository/mocks/user_repository_minimock.go:333.65,336.4 1 0
auth/internal/repository/mocks/user_repository_minimock.go:338.3,339.24 2 0
auth/internal/repository/mocks/user_repository_minimock.go:339.24,341.4 1 0
auth/internal/repository/mocks/user_repository_minimock.go:342.3,342.45 1 0
auth/internal/repository/mocks/user_repository_minimock.go:344.2,344.32 1 0
auth/internal/repository/mocks/user_repository_minimock.go:344.32,346.3 1 0
auth/internal/repository/mocks/user_repository_minimock.go:347.2,348.8 2 0
auth/internal/repository/mocks/user_repository_minimock.go:352.65,354.2 1 0
auth/internal/repository/mocks/user_repository_minimock.go:357.66,359.2 1 0
auth/internal/repository/mocks/user_repository_minimock.go:363.86,372.2 5 0
auth/internal/repository/mocks/user_repository_minimock.go:376.56,377.27 1 0
auth/internal/repository/mocks/user_repository_minimock.go:377.27,380.3 1 0
auth/internal/repository/mocks/user_repository_minimock.go:382.2,382.46 1 0
auth/internal/repository/mocks/user_repository_minimock.go:382.46,383.43 1 0
auth/internal/repository/mocks/user_repository_minimock.go:383.43,385.4 1 0
auth/internal/repository/mocks/user_repository_minimock.go:388.2,388.39 1 0
auth/internal/repository/mocks/user_repository_minimock.go:392.54,393.46 1 0
auth/internal/repository/mocks/user_repository_minimock.go:393.46,394.43 1 0
auth/internal/repository/mocks/user_repository_minimock.go:394.43,396.4 1 0
auth/internal/repository/mocks/user_repository_minimock.go:399.2,401.70 2 0
auth/internal/repository/mocks/user_repository_minimock.go:401.70,402.52 1 0
auth/internal/repository/mocks/user_repository_minimock.go:402.52,404.4 1 0
auth/internal/repository/mocks/user_repository_minimock.go:404.9,406.4 1 0
auth/internal/repository/mocks/user_repository_minimock.go:409.2,409.51 1 0
auth/internal/repository/mocks/user_repository_minimock.go:409.51,411.3 1 0
auth/internal/repository/mocks/user_repository_minimock.go:413.2,413.63 1 0
auth/internal/repository/mocks/user_repository_minimock.go:413.63,416.3 1 0
auth/internal/repository/mocks/user_repository_minimock.go:472.82,475.2 2 0
auth/internal/repository/mocks/user_repository_minimock.go:478.109,479.37 1 0
auth/internal/repository/mocks/user_repository_minimock.go:479.37,481.3 1 0
auth/internal/repository/mocks/user_repository_minimock.go:483.2,483.40 1 0
auth/internal/repository/mocks/user_repository_minimock.go:483.40,485.3 1 0
auth/internal/repository/mocks/user_repository_minimock.go:487.2,487.50 1 0
auth/internal/repository/mocks/user_repository_minimock.go:487.50,489.3 1 0
auth/internal/repository/mocks/user_repository_minimock.go:491.2,493.42 3 0
auth/internal/repository/mocks/user_repository_minimock.go:493.42,494.67 1 0
auth/internal/repository/mocks/user_repository_minimock.go:494.67,496.4 1 0
auth/internal/repository/mocks/user_repository_minimock.go:499.2,499.17 1 0
auth/internal/repository/mocks/user_repository_minimock.go:503.108,504.37 1 0
auth/internal/repository/mocks/user_repository_minimock.go:504.37,506.3 1 0
auth/internal/repository/mocks/user_repository_minimock.go:508.2,508.40 1 0
auth/internal/repository/mocks/user_repository_minimock.go:508.40,510.3 1 0
auth/internal/repository/mocks/user_repository_minimock.go:512.2,512.47 1 0
auth/internal/repository/mocks/user_repository_minimock.go:512.47,514.3 1 0
auth/internal/repository/mocks/user_repository_minimock.go:516.2,516.50 1 0
auth/internal/repository/mocks/user_repository_minimock.go:516.50,518.3 1 0
auth/internal/repository/mocks/user_repository_minimock.go:519.2,522.17 3 0
auth/internal/repository/mocks/user_repository_minimock.go:526.96,527.37 1 0
auth/internal/repository/mocks/user_repository_minimock.go:527.37,529.3 1 0
auth/internal/repository/mocks/user_repository_minimock.go:531.2,531.40 1 0
auth/internal/repository/mocks/user_repository_minimock.go:531.40,533.3 1 0
auth/internal/repository/mocks/user_repository_minimock.go:535.2,535.47 1 0
auth/internal/repository/mocks/user_repository_minimock.go:535.47,537.3 1 0
auth/internal/repository/mocks/user_repository_minimock.go:539.2,539.50 1 0
auth/internal/repository/mocks/user_repository_minimock.go:539.50,541.3 1 0
auth/internal/repository/mocks/user_repository_minimock.go:542.2,545.17 3 0
auth/internal/repository/mocks/user_repository_minimock.go:549.118,550.44 1 0
auth/internal/repository/mocks/user_repository_minimock.go:550.44,552.3 1 0
auth/internal/repository/mocks/user_repository_minimock.go:554.2,556.17 2 0
auth/internal/repository/mocks/user_repository_minimock.go:560.82,561.37 1 0
auth/internal/repository/mocks/user_repository_minimock.go:561.37,563.3 1 0
auth/internal/repository/mocks/user_repository_minimock.go:565.2,565.40 1 0
auth/internal/repository/mocks/user_repository_minimock.go:565.40,567.3 1 0
auth/internal/repository/mocks/user_repository_minimock.go:568.2,570.22 3 0
auth/internal/repository/mocks/user_repository_minimock.go:574.119,575.40 1 0
auth/internal/repository/mocks/user_repository_minimock.go:575.40,577.3 1 0
auth/internal/repository/mocks/user_repository_minimock.go:579.2,579.36 1 0
auth/internal/repository/mocks/user_repository_minimock.go:579.36,581.3 1 0
auth/internal/repository/mocks/user_repository_minimock.go:583.2,585.22 3 0
auth/internal/repository/mocks/user_repository_minimock.go:590.117,591.37 1 0
auth/internal/repository/mocks/user_repository_minimock.go:591.37,593.3 1 0
auth/internal/repository/mocks/user_repository_minimock.go:595.2,601.20 3 0
auth/internal/repository/mocks/user_repository_minimock.go:605.83,608.2 2 0
auth/internal/repository/mocks/user_repository_minimock.go:611.87,612.12 1 0
auth/internal/repository/mocks/user_repository_minimock.go:612.12,614.3 1 0
auth/internal/repository/mocks/user_repository_minimock.go:615.2,617.17 3 0
auth/internal/repository/mocks/user_repository_minimock.go:620.67,621.110 1 0
auth/internal/repository/mocks/user_repository_minimock.go:621.110,623.3 1 0
auth/internal/repository/mocks/user_repository_minimock.go:625.2,628.102 3 0
auth/internal/repository/mocks/user_repository_minimock.go:632.87,638.39 4 0
auth/internal/repository/mocks/user_repository_minimock.go:638.39,640.3 1 0
auth/internal/repository/mocks/user_repository_minimock.go:642.2,649.53 5 0
auth/internal/repository/mocks/user_repository_minimock.go:649.53,650.43 1 0
auth/internal/repository/mocks/user_repository_minimock.go:650.43,653.4 2 0
auth/internal/repository/mocks/user_repository_minimock.go:656.2,656.51 1 0
auth/internal/repository/mocks/user_repository_minimock.go:656.51,663.26 5 0
auth/internal/repository/mocks/user_repository_minimock.go:663.26,665.81 1 0
auth/internal/repository/mocks/user_repository_minimock.go:665.81,668.5 1 0
auth/internal/repository/mocks/user_repository_minimock.go:670.4,670.78 1 0
auth/internal/repository/mocks/user_repository_minimock.go:670.78,673.5 1 0
auth/internal/repository/mocks/user_repository_minimock.go:675.9,675.65 1 0
auth/internal/repository/mocks/user_repository_minimock.go:675.65,678.4 1 0
auth/internal/repository/mocks/user_repository_minimock.go:680.3,681.24 2 0
auth/internal/repository/mocks/user_repository_minimock.go:681.24,683.4 1 0
auth/internal/repository/mocks/user_repository_minimock.go:684.3,684.27 1 0
auth/internal/repository/mocks/user_repository_minimock.go:686.2,686.32 1 0
auth/internal/repository/mocks/user_repository_minimock.go:686.32,688.3 1 0
auth/internal/repository/mocks/user_repository_minimock.go:689.2,690.8 2 0
auth/internal/repository/mocks/user_repository_minimock.go:694.65,696.2 1 0
auth/internal/repository/mocks/user_repository_minimock.go:699.66,701.2 1 0
auth/internal/repository/mocks/user_repository_minimock.go:705.86,714.2 5 0
auth/internal/repository/mocks/user_repository_minimock.go:718.56,719.27 1 0
auth/internal/repository/mocks/user_repository_minimock.go:719.27,722.3 1 0
auth/internal/repository/mocks/user_repository_minimock.go:724.2,724.46 1 0
auth/internal/repository/mocks/user_repository_minimock.go:724.46,725.43 1 0
auth/internal/repository/mocks/user_repository_minimock.go:725.43,727.4 1 0
auth/internal/repository/mocks/user_repository_minimock.go:730.2,730.39 1 0
auth/internal/repository/mocks/user_repository_minimock.go:734.54,735.46 1 0
auth/internal/repository/mocks/user_repository_minimock.go:735.46,736.43 1 0
auth/internal/repository/mocks/user_repository_minimock.go:736.43,738.4 1 0
auth/internal/repository/mocks/user_repository_minimock.go:741.2,743.70 2 0
auth/internal/repository/mocks/user_repository_minimock.go:743.70,744.52 1 0
auth/internal/repository/mocks/user_repository_minimock.go:744.52,746.4 1 0
auth/internal/repository/mocks/user_repository_minimock.go:746.9,748.4 1 0
auth/internal/repository/mocks/user_repository_minimock.go:751.2,751.51 1 0
auth/internal/repository/mocks/user_repository_minimock.go:751.51,753.3 1 0
auth/internal/repository/mocks/user_repository_minimock.go:755.2,755.63 1 0
auth/internal/repository/mocks/user_repository_minimock.go:755.63,758.3 1 0
auth/internal/repository/mocks/user_repository_minimock.go:815.73,818.2 2 0
auth/internal/repository/mocks/user_repository_minimock.go:821.100,822.31 1 0
auth/internal/repository/mocks/user_repository_minimock.go:822.31,824.3 1 0
auth/internal/repository/mocks/user_repository_minimock.go:826.2,826.37 1 0
auth/internal/repository/mocks/user_repository_minimock.go:826.37,828.3 1 0
auth/internal/repository/mocks/user_repository_minimock.go:830.2,830.47 1 0
auth/internal/repository/mocks/user_repository_minimock.go:830.47,832.3 1 0
auth/internal/repository/mocks/user_repository_minimock.go:834.2,836.39 3 0
auth/internal/repository/mocks/user_repository_minimock.go:836.39,837.64 1 0
auth/internal/repository/mocks/user_repository_minimock.go:837.64,839.4 1 0
auth/internal/repository/mocks/user_repository_minimock.go:842.2,842.14 1 0
auth/internal/repository/mocks/user_repository_minimock.go:846.99,847.31 1 0
auth/internal/repository/mocks/user_repository_minimock.go:847.31,849.3 1 0
auth/internal/repository/mocks/user_repository_minimock.go:851.2,851.37 1 0
auth/internal/repository/mocks/user_repository_minimock.go:851.37,853.3 1 0
auth/internal/repository/mocks/user_repository_minimock.go:855.2,855.44 1 0
auth/internal/repository/mocks/user_repository_minimock.go:855.44,857.3 1 0
auth/internal/repository/mocks/user_repository_minimock.go:859.2,859.47 1 0
auth/internal/repository/mocks/user_repository_minimock.go:859.47,861.3 1 0
auth/internal/repository/mocks/user_repository_minimock.go:862.2,865.14 3 0
auth/internal/repository/mocks/user_repository_minimock.go:869.87,870.31 1 0
auth/internal/repository/mocks/user_repository_minimock.go:870.31,872.3 1 0
auth/internal/repository/mocks/user_repository_minimock.go:874.2,874.37 1 0
auth/internal/repository/mocks/user_repository_minimock.go:874.37,876.3 1 0
auth/internal/repository/mocks/user_repository_minimock.go:878.2,878.44 1 0
auth/internal/repository/mocks/user_repository_minimock.go:878.44,880.3 1 0
auth/internal/repository/mocks/user_repository_minimock.go:882.2,882.47 1 0
auth/internal/repository/mocks/user_repository_minimock.go:882.47,884.3 1 0
auth/internal/repository/mocks/user_repository_minimock.go:885.2,888.14 3 0
auth/internal/repository/mocks/user_repository_minimock.go:892.109,893.38 1 0
auth/internal/repository/mocks/user_repository_minimock.go:893.38,895.3 1 0
auth/internal/repository/mocks/user_repository_minimock.go:897.2,899.14 2 0
auth/internal/repository/mocks/user_repository_minimock.go:903.93,904.31 1 0
auth/internal/repository/mocks/user_repository_minimock.go:904.31,906.3 1 0
auth/internal/repository/mocks/user_repository_minimock.go:908.2,908.37 1 0
auth/internal/repository/mocks/user_repository_minimock.go:908.37,910.3 1 0
auth/internal/repository/mocks/user_repository_minimock.go:911.2,913.19 3 0
auth/internal/repository/mocks/user_repository_minimock.go:917.130,918.37 1 0
auth/internal/repository/mocks/user_repository_minimock.go:918.37,920.3 1 0
auth/internal/repository/mocks/user_repository_minimock.go:922.2,922.33 1 0
auth/internal/repository/mocks/user_repository_minimock.go:922.33,924.3 1 0
auth/internal/repository/mocks/user_repository_minimock.go:926.2,928.19 3 0
auth/internal/repository/mocks/user_repository_minimock.go:933.108,934.31 1 0
auth/internal/repository/mocks/user_repository_minimock.go:934.31,936.3 1 0
auth/internal/repository/mocks/user_repository_minimock.go:938.2,944.20 3 0
auth/internal/repository/mocks/user_repository_minimock.go:948.97,951.2 2 0
auth/internal/repository/mocks/user_repository_minimock.go:954.78,955.12 1 0
auth/internal/repository/mocks/user_repository_minimock.go:955.12,957.3 1 0
auth/internal/repository/mocks/user_repository_minimock.go:958.2,960.14 3 0
auth/internal/repository/mocks/user_repository_minimock.go:963.61,964.98 1 0
auth/internal/repository/mocks/user_repository_minimock.go:964.98,966.3 1 0
auth/internal/repository/mocks/user_repository_minimock.go:968.2,971.102 3 0
auth/internal/repository/mocks/user_repository_minimock.go:975.98,981.33 4 0
auth/internal/repository/mocks/user_repository_minimock.go:981.33,983.3 1 0
auth/internal/repository/mocks/user_repository_minimock.go:985.2,992.47 5 0
auth/internal/repository/mocks/user_repository_minimock.go:992.47,993.43 1 0
auth/internal/repository/mocks/user_repository_minimock.go:993.43,996.4 2 0
auth/internal/repository/mocks/user_repository_minimock.go:999.2,999.45 1 0
auth/internal/repository/mocks/user_repository_minimock.go:999.45,1006.26 5 0
auth/internal/repository/mocks/user_repository_minimock.go:1006.26,1008.81 1 0
auth/internal/repository/mocks/user_repository_minimock.go:1008.81,1011.5 1 0
auth/internal/repository/mocks/user_repository_minimock.go:1013.4,1013.78 1 0
auth/internal/repository/mocks/user_repository_minimock.go:1013.78,1016.5 1 0
auth/internal/repository/mocks/user_repository_minimock.go:1018.9,1018.65 1 0
auth/internal/repository/mocks/user_repository_minimock.go:1018.65,1021.4 1 0
auth/internal/repository/mocks/user_repository_minimock.go:1023.3,1024.24 2 0
auth/internal/repository/mocks/user_repository_minimock.go:1024.24,1026.4 1 0
auth/internal/repository/mocks/user_repository_minimock.go:1027.3,1027.46 1 0
auth/internal/repository/mocks/user_repository_minimock.go:1029.2,1029.26 1 0
auth/internal/repository/mocks/user_repository_minimock.go:1029.26,1031.3 1 0
auth/internal/repository/mocks/user_repository_minimock.go:1032.2,1033.8 2 0
auth/internal/repository/mocks/user_repository_minimock.go:1037.59,1039.2 1 0
auth/internal/repository/mocks/user_repository_minimock.go:1042.60,1044.2 1 0
auth/internal/repository/mocks/user_repository_minimock.go:1048.77,1057.2 5 0
auth/internal/repository/mocks/user_repository_minimock.go:1061.53,1062.24 1 0
auth/internal/repository/mocks/user_repository_minimock.go:1062.24,1065.3 1 0
auth/internal/repository/mocks/user_repository_minimock.go:1067.2,1067.43 1 0
auth/internal/repository/mocks/user_repository_minimock.go:1067.43,1068.43 1 0
auth/internal/repository/mocks/user_repository_minimock.go:1068.43,1070.4 1 0
auth/internal/repository/mocks/user_repository_minimock.go:1073.2,1073.36 1 0
auth/internal/repository/mocks/user_repository_minimock.go:1077.51,1078.43 1 0
auth/internal/repository/mocks/user_repository_minimock.go:1078.43,1079.43 1 0
auth/internal/repository/mocks/user_repository_minimock.go:1079.43,1081.4 1 0
auth/internal/repository/mocks/user_repository_minimock.go:1084.2,1086.64 2 0
auth/internal/repository/mocks/user_repository_minimock.go:1086.64,1087.49 1 0
auth/internal/repository/mocks/user_repository_minimock.go:1087.49,1089.4 1 0
auth/internal/repository/mocks/user_repository_minimock.go:1089.9,1091.4 1 0
auth/internal/repository/mocks/user_repository_minimock.go:1094.2,1094.45 1 0
auth/internal/repository/mocks/user_repository_minimock.go:1094.45,1096.3 1 0
auth/internal/repository/mocks/user_repository_minimock.go:1098.2,1098.57 1 0
auth/internal/repository/mocks/user_repository_minimock.go:1098.57,1101.3 1 0
auth/internal/repository/mocks/user_repository_minimock.go:1160.82,1163.2 2 0
auth/internal/repository/mocks/user_repository_minimock.go:1166.143,1167.37 1 0
auth/internal/repository/mocks/user_repository_minimock.go:1167.37,1169.3 1 0
auth/internal/repository/mocks/user_repository_minimock.go:1171.2,1171.40 1 0
auth/internal/repository/mocks/user_repository_minimock.go:1171.40,1173.3 1 0
auth/internal/repository/mocks/user_repository_minimock.go:1175.2,1175.50 1 0
auth/internal/repository/mocks/user_repository_minimock.go:1175.50,1177.3 1 0
auth/internal/repository/mocks/user_repository_minimock.go:1179.2,1181.42 3 0
auth/internal/repository/mocks/user_repository_minimock.go:1181.42,1182.67 1 0
auth/internal/repository/mocks/user_repository_minimock.go:1182.67,1184.4 1 0
auth/internal/repository/mocks/user_repository_minimock.go:1187.2,1187.17 1 0
auth/internal/repository/mocks/user_repository_minimock.go:1191.108,1192.37 1 0
auth/internal/repository/mocks/user_repository_minimock.go:1192.37,1194.3 1 0
auth/internal/repository/mocks/user_repository_minimock.go:1196.2,1196.40 1 0
auth/internal/repository/mocks/user_repository_minimock.go:1196.40,1198.3 1 0
auth/internal/repository/mocks/user_repository_minimock.go:1200.2,1200.47 1 0
auth/internal/repository/mocks/user_repository_minimock.go:1200.47,1202.3 1 0
auth/internal/repository/mocks/user_repository_minimock.go:1204.2,1204.50 1 0
auth/internal/repository/mocks/user_repository_minimock.go:1204.50,1206.3 1 0
auth/internal/repository/mocks/user_repository_minimock.go:1207.2,1210.17 3 0
auth/internal/repository/mocks/user_repository_minimock.go:1214.96,1215.37 1 0
auth/internal/repository/mocks/user_repository_minimock.go:1215.37,1217.3 1 0
auth/internal/repository/mocks/user_repository_minimock.go:1219.2,1219.40 1 0
auth/internal/repository/mocks/user_repository_minimock.go:1219.40,1221.3 1 0
auth/internal/repository/mocks/user_repository_minimock.go:1223.2,1223.47 1 0
auth/internal/repository/mocks/user_repository_minimock.go:1223.47,1225.3 1 0
auth/internal/repository/mocks/user_repository_minimock.go:1227.2,1227.50 1 0
auth/internal/repository/mocks/user_repository_minimock.go:1227.50,1229.3 1 0
auth/internal/repository/mocks/user_repository_minimock.go:1230.2,1233.17 3 0
auth/internal/repository/mocks/user_repository_minimock.go:1237.128,1238.37 1 0
auth/internal/repository/mocks/user_repository_minimock.go:1238.37,1240.3 1 0
auth/internal/repository/mocks/user_repository_minimock.go:1242.2,1242.40 1 0
auth/internal/repository/mocks/user_repository_minimock.go:1242.40,1244.3 1 0
auth/internal/repository/mocks/user_repository_minimock.go:1246.2,1246.47 1 0
auth/internal/repository/mocks/user_repository_minimock.go:1246.47,1248.3 1 0
auth/internal/repository/mocks/user_repository_minimock.go:1250.2,1250.50 1 0
auth/internal/repository/mocks/user_repository_minimock.go:1250.50,1252.3 1 0
auth/internal/repository/mocks/user_repository_minimock.go:1253.2,1256.17 3 0
auth/internal/repository/mocks/user_repository_minimock.go:1260.152,1261.44 1 0
auth/internal/repository/mocks/user_repository_minimock.go:1261.44,1263.3 1 0
auth/internal/repository/mocks/user_repository_minimock.go:1265.2,1267.17 2 0
auth/internal/repository/mocks/user_repository_minimock.go:1271.82,1272.37 1 0
auth/internal/repository/mocks/user_repository_minimock.go:1272.37,1274.3 1 0
auth/internal/repository/mocks/user_repository_minimock.go:1276.2,1276.40 1 0
auth/internal/repository/mocks/user_repository_minimock.go:1276.40,1278.3 1 0
auth/internal/repository/mocks/user_repository_minimock.go:1279.2,1281.22 3 0
auth/internal/repository/mocks/user_repository_minimock.go:1285.153,1286.40 1 0
auth/internal/repository/mocks/user_repository_minimock.go:1286.40,1288.3 1 0
auth/internal/repository/mocks/user_repository_minimock.go:1290.2,1290.36 1 0
auth/internal/repository/mocks/user_repository_minimock.go:1290.36,1292.3 1 0
auth/internal/repository/mocks/user_repository_minimock.go:1294.2,1296.22 3 0
auth/internal/repository/mocks/user_repository_minimock.go:1301.151,1302.37 1 0
auth/internal/repository/mocks/user_repository_minimock.go:1302.37,1304.3 1 0
auth/internal/repository/mocks/user_repository_minimock.go:1306.2,1312.20 3 0
auth/internal/repository/mocks/user_repository_minimock.go:1316.83,1319.2 2 0
auth/internal/repository/mocks/user_repository_minimock.go:1322.87,1323.12 1 0
auth/internal/repository/mocks/user_repository_minimock.go:1323.12,1325.3 1 0
auth/internal/repository/mocks/user_repository_minimock.go:1326.2,1328.17 3 0
auth/internal/repository/mocks/user_repository_minimock.go:1331.67,1332.110 1 0
auth/internal/repository/mocks/user_repository_minimock.go:1332.110,1334.3 1 0
auth/internal/repository/mocks/user_repository_minimock.go:1336.2,1339.102 3 0
auth/internal/repository/mocks/user_repository_minimock.go:1343.121,1349.39 4 0
auth/internal/repository/mocks/user_repository_minimock.go:1349.39,1351.3 1 0
auth/internal/repository/mocks/user_repository_minimock.go:1353.2,1360.53 5 0
auth/internal/repository/mocks/user_repository_minimock.go:1360.53,1361.43 1 0
auth/internal/repository/mocks/user_repository_minimock.go:1361.43,1364.4 2 0
auth/internal/repository/mocks/user_repository_minimock.go:1367.2,1367.51 1 0
auth/internal/repository/mocks/user_repository_minimock.go:1367.51,1374.26 5 0
auth/internal/repository/mocks/user_repository_minimock.go:1374.26,1376.81 1 0
auth/internal/repository/mocks/user_repository_minimock.go:1376.81,1379.5 1 0
auth/internal/repository/mocks/user_repository_minimock.go:1381.4,1381.78 1 0
auth/internal/repository/mocks/user_repository_minimock.go:1381.78,1384.5 1 0
auth/internal/repository/mocks/user_repository_minimock.go:1386.4,1386.102 1 0
auth/internal/repository/mocks/user_repository_minimock.go:1386.102,1389.5 1 0
auth/internal/repository/mocks/user_repository_minimock.go:1391.9,1391.65 1 0
auth/internal/repository/mocks/user_repository_minimock.go:1391.65,1394.4 1 0
auth/internal/repository/mocks/user_repository_minimock.go:1396.3,1397.24 2 0
auth/internal/repository/mocks/user_repository_minimock.go:1397.24,1399.4 1 0
auth/internal/repository/mocks/user_repository_minimock.go:1400.3,1400.27 1 0
auth/internal/repository/mocks/user_repository_minimock.go:1402.2,1402.32 1 0
auth/internal/repository/mocks/user_repository_minimock.go:1402.32,1404.3 1 0
auth/internal/repository/mocks/user_repository_minimock.go:1405.2,1406.8 2 0
auth/internal/repository/mocks/user_repository_minimock.go:1410.65,1412.2 1 0
auth/internal/repository/mocks/user_repository_minimock.go:1415.66,1417.2 1 0
auth/internal/repository/mocks/user_repository_minimock.go:1421.86,1430.2 5 0
auth/internal/repository/mocks/user_repository_minimock.go:1434.56,1435.27 1 0
auth/internal/repository/mocks/user_repository_minimock.go:1435.27,1438.3 1 0
auth/internal/repository/mocks/user_repository_minimock.go:1440.2,1440.46 1 0
auth/internal/repository/mocks/user_repository_minimock.go:1440.46,1441.43 1 0
auth/internal/repository/mocks/user_repository_minimock.go:1441.43,1443.4 1 0
auth/internal/repository/mocks/user_repository_minimock.go:1446.2,1446.39 1 0
auth/internal/repository/mocks/user_repository_minimock.go:1450.54,1451.46 1 0
auth/internal/repository/mocks/user_repository_minimock.go:1451.46,1452.43 1 0
auth/internal/repository/mocks/user_repository_minimock.go:1452.43,1454.4 1 0
auth/internal/repository/mocks/user_repository_minimock.go:1457.2,1459.70 2 0
auth/internal/repository/mocks/user_repository_minimock.go:1459.70,1460.52 1 0
auth/internal/repository/mocks/user_repository_minimock.go:1460.52,1462.4 1 0
auth/internal/repository/mocks/user_repository_minimock.go:1462.9,1464.4 1 0
auth/internal/repository/mocks/user_repository_minimock.go:1467.2,1467.51 1 0
auth/internal/repository/mocks/user_repository_minimock.go:1467.51,1469.3 1 0
auth/internal/repository/mocks/user_repository_minimock.go:1471.2,1471.63 1 0
auth/internal/repository/mocks/user_repository_minimock.go:1471.63,1474.3 1 0
auth/internal/repository/mocks/user_repository_minimock.go:1478.47,1479.25 1 0
auth/internal/repository/mocks/user_repository_minimock.go:1479.25,1480.24 1 0
auth/internal/repository/mocks/user_repository_minimock.go:1480.24,1488.4 4 0
auth/internal/repository/mocks/user_repository_minimock.go:1493.69,1495.6 2 0
auth/internal/repository/mocks/user_repository_minimock.go:1495.6,1496.23 1 0
auth/internal/repository/mocks/user_repository_minimock.go:1496.23,1498.4 1 0
auth/internal/repository/mocks/user_repository_minimock.go:1499.3,1499.10 1 0
auth/internal/repository/mocks/user_repository_minimock.go:1500.20,1502.10 2 0
auth/internal/repository/mocks/user_repository_minimock.go:1503.50,1503.50 0 0
auth/internal/repository/mocks/user_repository_minimock.go:1508.50,1515.2 2 0
auth/pkg/user_v1/user.pb.go:48.28,52.2 3 0
auth/pkg/user_v1/user.pb.go:54.31,56.2 1 0
auth/pkg/user_v1/user.pb.go:58.54,60.2 1 0
auth/pkg/user_v1/user.pb.go:62.42,64.2 1 0
auth/pkg/user_v1/user.pb.go:66.48,68.2 1 0
auth/pkg/user_v1/user.pb.go:71.46,73.2 1 0
auth/pkg/user_v1/user.pb.go:88.24,90.29 2 0
auth/pkg/user_v1/user.pb.go:90.29,94.3 3 0
auth/pkg/user_v1/user.pb.go:97.32,99.2 1 0
auth/pkg/user_v1/user.pb.go:101.30,101.31 0 0
auth/pkg/user_v1/user.pb.go:103.52,105.41 2 0
auth/pkg/user_v1/user.pb.go:105.41,107.34 2 0
auth/pkg/user_v1/user.pb.go:107.34,109.4 1 0
auth/pkg/user_v1/user.pb.go:110.3,110.12 1 0
auth/pkg/user_v1/user.pb.go:112.2,112.24 1 0
auth/pkg/user_v1/user.pb.go:116.43,118.2 1 0
auth/pkg/user_v1/user.pb.go:120.30,121.14 1 0
auth/pkg/user_v1/user.pb.go:121.14,123.3 1 0
auth/pkg/user_v1/user.pb.go:124.2,124.10 1 0
auth/pkg/user_v1/user.pb.go:127.33,128.14 1 0
auth/pkg/user_v1/user.pb.go:128.14,130.3 1 0
auth/pkg/user_v1/user.pb.go:131.2,131.11 1 0
auth/pkg/user_v1/user.pb.go:134.34,135.14 1 0
auth/pkg/user_v1/user.pb.go:135.14,137.3 1 0
auth/pkg/user_v1/user.pb.go:138.2,138.11 1 0
auth/pkg/user_v1/user.pb.go:141.31,142.14 1 0
auth/pkg/user_v1/user.pb.go:142.14,144.3 1 0
auth/pkg/user_v1/user.pb.go:145.2,145.30 1 0
auth/pkg/user_v1/user.pb.go:148.52,149.14 1 0
auth/pkg/user_v1/user.pb.go:149.14,151.3 1 0
auth/pkg/user_v1/user.pb.go:152.2,152.12 1 0
auth/pkg/user_v1/user.pb.go:155.52,156.14 1 0
auth/pkg/user_v1/user.pb.go:156.14,158.3 1 0
auth/pkg/user_v1/user.pb.go:159.2,159.12 1 0
auth/pkg/user_v1/user.pb.go:171.34,173.29 2 0
auth/pkg/user_v1/user.pb.go:173.29,177.3 3 0
auth/pkg/user_v1/user.pb.go:180.42,182.2 1 0
auth/pkg/user_v1/user.pb.go:184.40,184.41 0 0
auth/pkg/user_v1/user.pb.go:186.62,188.41 2 0
auth/pkg/user_v1/user.pb.go:188.41,190.34 2 0
auth/pkg/user_v1/user.pb.go:190.34,192.4 1 0
auth/pkg/user_v1/user.pb.go:193.3,193.12 1 0
auth/pkg/user_v1/user.pb.go:195.2,195.24 1 0
auth/pkg/user_v1/user.pb.go:199.53,201.2 1 0
auth/pkg/user_v1/user.pb.go:203.58,204.14 1 0
auth/pkg/user_v1/user.pb.go:204.14,206.3 1 0
auth/pkg/user_v1/user.pb.go:207.2,207.12 1 0
auth/pkg/user_v1/user.pb.go:210.59,211.14 1 0
auth/pkg/user_v1/user.pb.go:211.14,213.3 1 0
auth/pkg/user_v1/user.pb.go:214.2,214.12 1 0
auth/pkg/user_v1/user.pb.go:229.33,231.29 2 0
auth/pkg/user_v1/user.pb.go:231.29,235.3 3 0
auth/pkg/user_v1/user.pb.go:238.41,240.2 1 0
auth/pkg/user_v1/user.pb.go:242.39,242.40 0 0
auth/pkg/user_v1/user.pb.go:244.61,246.41 2 0
auth/pkg/user_v1/user.pb.go:246.41,248.34 2 0
auth/pkg/user_v1/user.pb.go:248.34,250.4 1 0
auth/pkg/user_v1/user.pb.go:251.3,251.12 1 0
auth/pkg/user_v1/user.pb.go:253.2,253.24 1 0
auth/pkg/user_v1/user.pb.go:257.52,259.2 1 0
auth/pkg/user_v1/user.pb.go:261.42,262.14 1 0
auth/pkg/user_v1/user.pb.go:262.14,264.3 1 0
auth/pkg/user_v1/user.pb.go:265.2,265.11 1 0
auth/pkg/user_v1/user.pb.go:268.43,269.14 1 0
auth/pkg/user_v1/user.pb.go:269.14,271.3 1 0
auth/pkg/user_v1/user.pb.go:272.2,272.11 1 0
auth/pkg/user_v1/user.pb.go:275.46,276.14 1 0
auth/pkg/user_v1/user.pb.go:276.14,278.3 1 0
auth/pkg/user_v1/user.pb.go:279.2,279.11 1 0
auth/pkg/user_v1/user.pb.go:282.53,283.14 1 0
auth/pkg/user_v1/user.pb.go:283.14,285.3 1 0
auth/pkg/user_v1/user.pb.go:286.2,286.11 1 0
auth/pkg/user_v1/user.pb.go:289.40,290.14 1 0
auth/pkg/user_v1/user.pb.go:290.14,292.3 1 0
auth/pkg/user_v1/user.pb.go:293.2,293.30 1 0
auth/pkg/user_v1/user.pb.go:304.34,306.29 2 0
auth/pkg/user_v1/user.pb.go:306.29,310.3 3 0
auth/pkg/user_v1/user.pb.go:313.42,315.2 1 0
auth/pkg/user_v1/user.pb.go:317.40,317.41 0 0
auth/pkg/user_v1/user.pb.go:319.62,321.41 2 0
auth/pkg/user_v1/user.pb.go:321.41,323.34 2 0
auth/pkg/user_v1/user.pb.go:323.34,325.4 1 0
auth/pkg/user_v1/user.pb.go:326.3,326.12 1 0
auth/pkg/user_v1/user.pb.go:328.2,328.24 1 0
auth/pkg/user_v1/user.pb.go:332.53,334.2 1 0
auth/pkg/user_v1/user.pb.go:336.40,337.14 1 0
auth/pkg/user_v1/user.pb.go:337.14,339.3 1 0
auth/pkg/user_v1/user.pb.go:340.2,340.10 1 0
auth/pkg/user_v1/user.pb.go:351.30,353.29 2 0
auth/pkg/user_v1/user.pb.go:353.29,357.3 3 0
auth/pkg/user_v1/user.pb.go:360.38,362.2 1 0
auth/pkg/user_v1/user.pb.go:364.36,364.37 0 0
auth/pkg/user_v1/user.pb.go:366.58,368.41 2 0
auth/pkg/user_v1/user.pb.go:368.41,370.34 2 0
auth/pkg/user_v1/user.pb.go:370.34,372.4 1 0
auth/pkg/user_v1/user.pb.go:373.3,373.12 1 0
auth/pkg/user_v1/user.pb.go:375.2,375.24 1 0
auth/pkg/user_v1/user.pb.go:379.49,381.2 1 0
auth/pkg/user_v1/user.pb.go:383.36,384.14 1 0
auth/pkg/user_v1/user.pb.go:384.14,386.3 1 0
auth/pkg/user_v1/user.pb.go:387.2,387.10 1 0
auth/pkg/user_v1/user.pb.go:398.31,400.29 2 0
auth/pkg/user_v1/user.pb.go:400.29,404.3 3 0
auth/pkg/user_v1/user.pb.go:407.39,409.2 1 0
auth/pkg/user_v1/user.pb.go:411.37,411.38 0 0
auth/pkg/user_v1/user.pb.go:413.59,415.41 2 0
auth/pkg/user_v1/user.pb.go:415.41,417.34 2 0
auth/pkg/user_v1/user.pb.go:417.34,419.4 1 0
auth/pkg/user_v1/user.pb.go:420.3,420.12 1 0
auth/pkg/user_v1/user.pb.go:422.2,422.24 1 0
auth/pkg/user_v1/user.pb.go:426.50,428.2 1 0
auth/pkg/user_v1/user.pb.go:430.39,431.14 1 0
auth/pkg/user_v1/user.pb.go:431.14,433.3 1 0
auth/pkg/user_v1/user.pb.go:434.2,434.12 1 0
auth/pkg/user_v1/user.pb.go:446.33,448.29 2 0
auth/pkg/user_v1/user.pb.go:448.29,452.3 3 0
auth/pkg/user_v1/user.pb.go:455.41,457.2 1 0
auth/pkg/user_v1/user.pb.go:459.39,459.40 0 0
auth/pkg/user_v1/user.pb.go:461.61,463.41 2 0
auth/pkg/user_v1/user.pb.go:463.41,465.34 2 0
auth/pkg/user_v1/user.pb.go:465.34,467.4 1 0
auth/pkg/user_v1/user.pb.go:468.3,468.12 1 0
auth/pkg/user_v1/user.pb.go:470.2,470.24 1 0
auth/pkg/user_v1/user.pb.go:474.52,476.2 1 0
auth/pkg/user_v1/user.pb.go:478.39,479.14 1 0
auth/pkg/user_v1/user.pb.go:479.14,481.3 1 0
auth/pkg/user_v1/user.pb.go:482.2,482.10 1 0
auth/pkg/user_v1/user.pb.go:485.51,486.14 1 0
auth/pkg/user_v1/user.pb.go:486.14,488.3 1 0
auth/pkg/user_v1/user.pb.go:489.2,489.12 1 0
auth/pkg/user_v1/user.pb.go:500.33,502.29 2 0
auth/pkg/user_v1/user.pb.go:502.29,506.3 3 0
auth/pkg/user_v1/user.pb.go:509.41,511.2 1 0
auth/pkg/user_v1/user.pb.go:513.39,513.40 0 0
auth/pkg/user_v1/user.pb.go:515.61,517.41 2 0
auth/pkg/user_v1/user.pb.go:517.41,519.34 2 0
auth/pkg/user_v1/user.pb.go:519.34,521.4 1 0
auth/pkg/user_v1/user.pb.go:522.3,522.12 1 0
auth/pkg/user_v1/user.pb.go:524.2,524.24 1 0
auth/pkg/user_v1/user.pb.go:528.52,530.2 1 0
auth/pkg/user_v1/user.pb.go:532.39,533.14 1 0
auth/pkg/user_v1/user.pb.go:533.14,535.3 1 0
auth/pkg/user_v1/user.pb.go:536.2,536.10 1 0
auth/pkg/user_v1/user.pb.go:623.43,624.40 1 0
auth/pkg/user_v1/user.pb.go:624.40,626.3 1 0
auth/pkg/user_v1/user.pb.go:627.2,627.36 1 0
auth/pkg/user_v1/user.pb.go:670.13,670.39 1 0
auth/pkg/user_v1/user.pb.go:671.29,672.28 1 0
auth/pkg/user_v1/user.pb.go:672.28,674.3 1 0
auth/pkg/user_v1/user.pb.go:675.2,675.30 1 0
auth/pkg/user_v1/user.pb.go:675.30,676.81 1 0
auth/pkg/user_v1/user.pb.go:676.81,677.29 1 0
auth/pkg/user_v1/user.pb.go:678.11,679.20 1 0
auth/pkg/user_v1/user.pb.go:680.11,681.24 1 0
auth/pkg/user_v1/user.pb.go:682.11,683.28 1 0
auth/pkg/user_v1/user.pb.go:684.12,685.15 1 0
auth/pkg/user_v1/user.pb.go:688.3,688.81 1 0
auth/pkg/user_v1/user.pb.go:688.81,689.39 1 0
auth/pkg/user_v1/user.pb.go:690.11,691.20 1 0
auth/pkg/user_v1/user.pb.go:692.11,693.24 1 0
auth/pkg/user_v1/user.pb.go:694.11,695.28 1 0
auth/pkg/user_v1/user.pb.go:696.12,697.15 1 0
auth/pkg/user_v1/user.pb.go:700.3,700.81 1 0
auth/pkg/user_v1/user.pb.go:700.81,701.38 1 0
auth/pkg/user_v1/user.pb.go:702.11,703.20 1 0
auth/pkg/user_v1/user.pb.go:704.11,705.24 1 0
auth/pkg/user_v1/user.pb.go:706.11,707.28 1 0
auth/pkg/user_v1/user.pb.go:708.12,709.15 1 0
auth/pkg/user_v1/user.pb.go:712.3,712.81 1 0
auth/pkg/user_v1/user.pb.go:712.81,713.39 1 0
auth/pkg/user_v1/user.pb.go:714.11,715.20 1 0
auth/pkg/user_v1/user.pb.go:716.11,717.24 1 0
auth/pkg/user_v1/user.pb.go:718.11,719.28 1 0
auth/pkg/user_v1/user.pb.go:720.12,721.15 1 0
auth/pkg/user_v1/user.pb.go:724.3,724.81 1 0
auth/pkg/user_v1/user.pb.go:724.81,725.35 1 0
auth/pkg/user_v1/user.pb.go:726.11,727.20 1 0
auth/pkg/user_v1/user.pb.go:728.11,729.24 1 0
auth/pkg/user_v1/user.pb.go:730.11,731.28 1 0
auth/pkg/user_v1/user.pb.go:732.12,733.15 1 0
auth/pkg/user_v1/user.pb.go:736.3,736.81 1 0
auth/pkg/user_v1/user.pb.go:736.81,737.36 1 0
auth/pkg/user_v1/user.pb.go:738.11,739.20 1 0
auth/pkg/user_v1/user.pb.go:740.11,741.24 1 0
auth/pkg/user_v1/user.pb.go:742.11,743.28 1 0
auth/pkg/user_v1/user.pb.go:744.12,745.15 1 0
auth/pkg/user_v1/user.pb.go:748.3,748.81 1 0
auth/pkg/user_v1/user.pb.go:748.81,749.38 1 0
auth/pkg/user_v1/user.pb.go:750.11,751.20 1 0
auth/pkg/user_v1/user.pb.go:752.11,753.24 1 0
auth/pkg/user_v1/user.pb.go:754.11,755.28 1 0
auth/pkg/user_v1/user.pb.go:756.12,757.15 1 0
auth/pkg/user_v1/user.pb.go:760.3,760.81 1 0
auth/pkg/user_v1/user.pb.go:760.81,761.38 1 0
auth/pkg/user_v1/user.pb.go:762.11,763.20 1 0
auth/pkg/user_v1/user.pb.go:764.11,765.24 1 0
auth/pkg/user_v1/user.pb.go:766.11,767.28 1 0
auth/pkg/user_v1/user.pb.go:768.12,769.15 1 0
auth/pkg/user_v1/user.pb.go:773.2,791.31 6 0
auth/pkg/user_v1/user_grpc.pb.go:36.64,38.2 1 0
auth/pkg/user_v1/user_grpc.pb.go:40.121,43.16 3 0
auth/pkg/user_v1/user_grpc.pb.go:43.16,45.3 1 0
auth/pkg/user_v1/user_grpc.pb.go:46.2,46.17 1 0
auth/pkg/user_v1/user_grpc.pb.go:49.112,52.16 3 0
auth/pkg/user_v1/user_grpc.pb.go:52.16,54.3 1 0
auth/pkg/user_v1/user_grpc.pb.go:55.2,55.17 1 0
auth/pkg/user_v1/user_grpc.pb.go:58.118,61.16 3 0
auth/pkg/user_v1/user_grpc.pb.go:61.16,63.3 1 0
auth/pkg/user_v1/user_grpc.pb.go:64.2,64.17 1 0
auth/pkg/user_v1/user_grpc.pb.go:67.118,70.16 3 0
auth/pkg/user_v1/user_grpc.pb.go:70.16,72.3 1 0
auth/pkg/user_v1/user_grpc.pb.go:73.2,73.17 1 0
auth/pkg/user_v1/user_grpc.pb.go:91.99,93.2 1 0
auth/pkg/user_v1/user_grpc.pb.go:94.90,96.2 1 0
auth/pkg/user_v1/user_grpc.pb.go:97.96,99.2 1 0
auth/pkg/user_v1/user_grpc.pb.go:100.96,102.2 1 0
auth/pkg/user_v1/user_grpc.pb.go:103.72,103.73 0 0
auth/pkg/user_v1/user_grpc.pb.go:112.70,114.2 1 0
auth/pkg/user_v1/user_grpc.pb.go:116.158,118.32 2 0
auth/pkg/user_v1/user_grpc.pb.go:118.32,120.3 1 0
auth/pkg/user_v1/user_grpc.pb.go:121.2,121.24 1 0
auth/pkg/user_v1/user_grpc.pb.go:121.24,123.3 1 0
auth/pkg/user_v1/user_grpc.pb.go:124.2,128.77 2 0
auth/pkg/user_v1/user_grpc.pb.go:128.77,130.3 1 0
auth/pkg/user_v1/user_grpc.pb.go:131.2,131.44 1 0
auth/pkg/user_v1/user_grpc.pb.go:134.155,136.32 2 0
auth/pkg/user_v1/user_grpc.pb.go:136.32,138.3 1 0
auth/pkg/user_v1/user_grpc.pb.go:139.2,139.24 1 0
auth/pkg/user_v1/user_grpc.pb.go:139.24,141.3 1 0
auth/pkg/user_v1/user_grpc.pb.go:142.2,146.77 2 0
auth/pkg/user_v1/user_grpc.pb.go:146.77,148.3 1 0
auth/pkg/user_v1/user_grpc.pb.go:149.2,149.44 1 0
auth/pkg/user_v1/user_grpc.pb.go:152.158,154.32 2 0
auth/pkg/user_v1/user_grpc.pb.go:154.32,156.3 1 0
auth/pkg/user_v1/user_grpc.pb.go:157.2,157.24 1 0
auth/pkg/user_v1/user_grpc.pb.go:157.24,159.3 1 0
auth/pkg/user_v1/user_grpc.pb.go:160.2,164.77 2 0
auth/pkg/user_v1/user_grpc.pb.go:164.77,166.3 1 0
auth/pkg/user_v1/user_grpc.pb.go:167.2,167.44 1 0
auth/pkg/user_v1/user_grpc.pb.go:170.158,172.32 2 0
auth/pkg/user_v1/user_grpc.pb.go:172.32,174.3 1 0
auth/pkg/user_v1/user_grpc.pb.go:175.2,175.24 1 0
auth/pkg/user_v1/user_grpc.pb.go:175.24,177.3 1 0
auth/pkg/user_v1/user_grpc.pb.go:178.2,182.77 2 0
auth/pkg/user_v1/user_grpc.pb.go:182.77,184.3 1 0
auth/pkg/user_v1/user_grpc.pb.go:185.2,185.44 1 0
